Determining if the pthread_create exist failed with the following output:
Change Dir: /home/asus/Escritorio/RViz_simulation/RViz_model/catkin_ws/build/CMakeFiles/CMakeTmp

Run Build Command:"/usr/bin/make" "cmTC_fd80e/fast"
/usr/bin/make -f CMakeFiles/cmTC_fd80e.dir/build.make CMakeFiles/cmTC_fd80e.dir/build
make[1]: se entra en el directorio '/home/asus/Escritorio/RViz_simulation/RViz_model/catkin_ws/build/CMakeFiles/CMakeTmp'
Building C object CMakeFiles/cmTC_fd80e.dir/CheckSymbolExists.c.o
/usr/bin/cc    -o CMakeFiles/cmTC_fd80e.dir/CheckSymbolExists.c.o   -c /home/asus/Escritorio/RViz_simulation/RViz_model/catkin_ws/build/CMakeFiles/CMakeTmp/CheckSymbolExists.c
Linking C executable cmTC_fd80e
/usr/bin/cmake -E cmake_link_script CMakeFiles/cmTC_fd80e.dir/link.txt --verbose=1
/usr/bin/cc      -rdynamic CMakeFiles/cmTC_fd80e.dir/CheckSymbolExists.c.o  -o cmTC_fd80e 
CMakeFiles/cmTC_fd80e.dir/CheckSymbolExists.c.o: En la función `main':
CheckSymbolExists.c:(.text+0x1b): referencia a `pthread_create' sin definir
collect2: error: ld returned 1 exit status
CMakeFiles/cmTC_fd80e.dir/build.make:97: recipe for target 'cmTC_fd80e' failed
make[1]: *** [cmTC_fd80e] Error 1
make[1]: se sale del directorio '/home/asus/Escritorio/RViz_simulation/RViz_model/catkin_ws/build/CMakeFiles/CMakeTmp'
Makefile:126: recipe for target 'cmTC_fd80e/fast' failed
make: *** [cmTC_fd80e/fast] Error 2

File /home/asus/Escritorio/RViz_simulation/RViz_model/catkin_ws/build/CMakeFiles/CMakeTmp/CheckSymbolExists.c:
/* */
#include <pthread.h>

int main(int argc, char** argv)
{
  (void)argv;
#ifndef pthread_create
  return ((int*)(&pthread_create))[argc];
#else
  (void)argc;
  return 0;
#endif
}

Determining if the function pthread_create exists in the pthreads failed with the following output:
Change Dir: /home/asus/Escritorio/RViz_simulation/RViz_model/catkin_ws/build/CMakeFiles/CMakeTmp

Run Build Command:"/usr/bin/make" "cmTC_4930a/fast"
/usr/bin/make -f CMakeFiles/cmTC_4930a.dir/build.make CMakeFiles/cmTC_4930a.dir/build
make[1]: se entra en el directorio '/home/asus/Escritorio/RViz_simulation/RViz_model/catkin_ws/build/CMakeFiles/CMakeTmp'
Building C object CMakeFiles/cmTC_4930a.dir/CheckFunctionExists.c.o
/usr/bin/cc   -DCHECK_FUNCTION_EXISTS=pthread_create   -o CMakeFiles/cmTC_4930a.dir/CheckFunctionExists.c.o   -c /usr/share/cmake-3.10/Modules/CheckFunctionExists.c
Linking C executable cmTC_4930a
/usr/bin/cmake -E cmake_link_script CMakeFiles/cmTC_4930a.dir/link.txt --verbose=1
/usr/bin/cc  -DCHECK_FUNCTION_EXISTS=pthread_create    -rdynamic CMakeFiles/cmTC_4930a.dir/CheckFunctionExists.c.o  -o cmTC_4930a -lpthreads 
/usr/bin/ld: no se puede encontrar -lpthreads
collect2: error: ld returned 1 exit status
CMakeFiles/cmTC_4930a.dir/build.make:97: recipe for target 'cmTC_4930a' failed
make[1]: *** [cmTC_4930a] Error 1
make[1]: se sale del directorio '/home/asus/Escritorio/RViz_simulation/RViz_model/catkin_ws/build/CMakeFiles/CMakeTmp'
Makefile:126: recipe for target 'cmTC_4930a/fast' failed
make: *** [cmTC_4930a/fast] Error 2


